[0.034s] Invoking command in '/home/zychen/dev_ws/build/task2': CMAKE_PREFIX_PATH=${CMAKE_PREFIX_PATH}:/opt/ros/humble /usr/bin/cmake --build /home/zychen/dev_ws/build/task2 -- -j2 -l2
[0.153s] [ 50%] Built target listener
[0.154s] [100%] Built target talker
[0.174s] Invoked command in '/home/zychen/dev_ws/build/task2' returned '0': CMAKE_PREFIX_PATH=${CMAKE_PREFIX_PATH}:/opt/ros/humble /usr/bin/cmake --build /home/zychen/dev_ws/build/task2 -- -j2 -l2
[0.228s] Invoking command in '/home/zychen/dev_ws/build/task2': CMAKE_PREFIX_PATH=${CMAKE_PREFIX_PATH}:/opt/ros/humble /usr/bin/cmake --install /home/zychen/dev_ws/build/task2
[0.241s] -- Install configuration: ""
[0.242s] -- Up-to-date: /home/zychen/dev_ws/install/task2/lib/task2/talker
[0.243s] -- Up-to-date: /home/zychen/dev_ws/install/task2/lib/task2/listener
[0.243s] -- Up-to-date: /home/zychen/dev_ws/install/task2/share/task2/urdf
[0.243s] -- Up-to-date: /home/zychen/dev_ws/install/task2/share/task2/urdf/base.urdf.xacro
[0.243s] -- Up-to-date: /home/zychen/dev_ws/install/task2/share/task2/urdf/test.urdf
[0.244s] -- Up-to-date: /home/zychen/dev_ws/install/task2/share/task2/urdf/first_robot.xacro
[0.244s] -- Up-to-date: /home/zychen/dev_ws/install/task2/share/task2/urdf/first_robot.urdf
[0.244s] -- Up-to-date: /home/zychen/dev_ws/install/task2/share/task2/urdf/sensor
[0.244s] -- Up-to-date: /home/zychen/dev_ws/install/task2/share/task2/urdf/sensor/laser.urdf.xacro
[0.244s] -- Up-to-date: /home/zychen/dev_ws/install/task2/share/task2/urdf/sensor/imu.urdf.xacro
[0.244s] -- Up-to-date: /home/zychen/dev_ws/install/task2/share/task2/urdf/sensor/camera.urdf.xacro
[0.244s] -- Up-to-date: /home/zychen/dev_ws/install/task2/share/task2/urdf/trans_robot.urdf.xacro
[0.244s] -- Up-to-date: /home/zychen/dev_ws/install/task2/share/task2/launch
[0.244s] -- Installing: /home/zychen/dev_ws/install/task2/share/task2/launch/display_robot.launch.py
[0.244s] -- Up-to-date: /home/zychen/dev_ws/install/task2/share/task2/launch/test1.launch
[0.244s] -- Up-to-date: /home/zychen/dev_ws/install/task2/share/task2/launch/test1.launch.py
[0.244s] -- Up-to-date: /home/zychen/dev_ws/install/task2/share/task2/config
[0.244s] -- Up-to-date: /home/zychen/dev_ws/install/task2/share/task2/config/rviz
[0.244s] -- Installing: /home/zychen/dev_ws/install/task2/share/task2/config/rviz/displayBetter.rviz
[0.248s] -- Up-to-date: /home/zychen/dev_ws/install/task2/share/task2/config/rviz/config.rviz
[0.248s] -- Up-to-date: /home/zychen/dev_ws/install/task2/share/task2/config/rviz/display.rviz
[0.248s] -- Up-to-date: /home/zychen/dev_ws/install/task2/share/task2/config/rviz/task2.rviz
[0.248s] -- Up-to-date: /home/zychen/dev_ws/install/task2/share/ament_index/resource_index/package_run_dependencies/task2
[0.248s] -- Up-to-date: /home/zychen/dev_ws/install/task2/share/ament_index/resource_index/parent_prefix_path/task2
[0.249s] -- Up-to-date: /home/zychen/dev_ws/install/task2/share/task2/environment/ament_prefix_path.sh
[0.249s] -- Up-to-date: /home/zychen/dev_ws/install/task2/share/task2/environment/ament_prefix_path.dsv
[0.249s] -- Up-to-date: /home/zychen/dev_ws/install/task2/share/task2/environment/path.sh
[0.249s] -- Up-to-date: /home/zychen/dev_ws/install/task2/share/task2/environment/path.dsv
[0.249s] -- Up-to-date: /home/zychen/dev_ws/install/task2/share/task2/local_setup.bash
[0.249s] -- Up-to-date: /home/zychen/dev_ws/install/task2/share/task2/local_setup.sh
[0.249s] -- Up-to-date: /home/zychen/dev_ws/install/task2/share/task2/local_setup.zsh
[0.249s] -- Up-to-date: /home/zychen/dev_ws/install/task2/share/task2/local_setup.dsv
[0.249s] -- Installing: /home/zychen/dev_ws/install/task2/share/task2/package.dsv
[0.249s] -- Up-to-date: /home/zychen/dev_ws/install/task2/share/ament_index/resource_index/packages/task2
[0.249s] -- Up-to-date: /home/zychen/dev_ws/install/task2/share/task2/cmake/task2Config.cmake
[0.249s] -- Up-to-date: /home/zychen/dev_ws/install/task2/share/task2/cmake/task2Config-version.cmake
[0.249s] -- Up-to-date: /home/zychen/dev_ws/install/task2/share/task2/package.xml
[0.259s] Invoked command in '/home/zychen/dev_ws/build/task2' returned '0': CMAKE_PREFIX_PATH=${CMAKE_PREFIX_PATH}:/opt/ros/humble /usr/bin/cmake --install /home/zychen/dev_ws/build/task2
