[0.098s] DEBUG:colcon:Command line arguments: ['/usr/bin/colcon', 'build']
[0.098s] DEBUG:colcon:Parsed command line arguments: Namespace(log_base=None, log_level=None, verb_name='build', build_base='build', install_base='install', merge_install=False, symlink_install=False, test_result_base=None, continue_on_error=False, executor='parallel', parallel_workers=2, event_handlers=None, ignore_user_meta=False, metas=['./colcon.meta'], base_paths=['.'], packages_ignore=None, packages_ignore_regex=None, paths=None, packages_up_to=None, packages_up_to_regex=None, packages_above=None, packages_above_and_dependencies=None, packages_above_depth=None, packages_select_by_dep=None, packages_skip_by_dep=None, packages_skip_up_to=None, packages_select_build_failed=False, packages_skip_build_finished=False, packages_select_test_failures=False, packages_skip_test_passed=False, packages_select=None, packages_skip=None, packages_select_regex=None, packages_skip_regex=None, packages_start=None, packages_end=None, allow_overriding=[], cmake_args=None, cmake_target=None, cmake_target_skip_unavailable=False, cmake_clean_cache=False, cmake_clean_first=False, cmake_force_configure=False, ament_cmake_args=None, catkin_cmake_args=None, catkin_skip_building_tests=False, verb_parser=<colcon_defaults.argument_parser.defaults.DefaultArgumentsDecorator object at 0x79bac7d3c100>, verb_extension=<colcon_core.verb.build.BuildVerb object at 0x79bac7effbb0>, main=<bound method BuildVerb.main of <colcon_core.verb.build.BuildVerb object at 0x79bac7effbb0>>)
[0.249s] Level 1:colcon.colcon_core.package_discovery:discover_packages(colcon_meta) check parameters
[0.249s] Level 1:colcon.colcon_core.package_discovery:discover_packages(recursive) check parameters
[0.249s] Level 1:colcon.colcon_core.package_discovery:discover_packages(ignore) check parameters
[0.250s] Level 1:colcon.colcon_core.package_discovery:discover_packages(path) check parameters
[0.250s] Level 1:colcon.colcon_core.package_discovery:discover_packages(colcon_meta) discover
[0.250s] Level 1:colcon.colcon_core.package_discovery:discover_packages(recursive) discover
[0.250s] INFO:colcon.colcon_core.package_discovery:Crawling recursively for packages in '/home/zychen/dev_ws'
[0.250s] Level 1:colcon.colcon_core.package_identification:_identify(.) by extensions ['ignore', 'ignore_ament_install']
[0.250s] Level 1:colcon.colcon_core.package_identification:_identify(.) by extension 'ignore'
[0.250s] Level 1:colcon.colcon_core.package_identification:_identify(.) by extension 'ignore_ament_install'
[0.250s] Level 1:colcon.colcon_core.package_identification:_identify(.) by extensions ['colcon_pkg']
[0.250s] Level 1:colcon.colcon_core.package_identification:_identify(.) by extension 'colcon_pkg'
[0.250s] Level 1:colcon.colcon_core.package_identification:_identify(.) by extensions ['colcon_meta']
[0.250s] Level 1:colcon.colcon_core.package_identification:_identify(.) by extension 'colcon_meta'
[0.250s] Level 1:colcon.colcon_core.package_identification:_identify(.) by extensions ['ros']
[0.250s] Level 1:colcon.colcon_core.package_identification:_identify(.) by extension 'ros'
[0.267s] Level 1:colcon.colcon_core.package_identification:_identify(.) by extensions ['cmake', 'python']
[0.267s] Level 1:colcon.colcon_core.package_identification:_identify(.) by extension 'cmake'
[0.267s] Level 1:colcon.colcon_core.package_identification:_identify(.) by extension 'python'
[0.267s] Level 1:colcon.colcon_core.package_identification:_identify(.) by extensions ['python_setup_py']
[0.268s] Level 1:colcon.colcon_core.package_identification:_identify(.) by extension 'python_setup_py'
[0.268s] Level 1:colcon.colcon_core.package_identification:_identify(build) by extensions ['ignore', 'ignore_ament_install']
[0.268s] Level 1:colcon.colcon_core.package_identification:_identify(build) by extension 'ignore'
[0.268s] Level 1:colcon.colcon_core.package_identification:_identify(build) ignored
[0.268s] Level 1:colcon.colcon_core.package_identification:_identify(install) by extensions ['ignore', 'ignore_ament_install']
[0.269s] Level 1:colcon.colcon_core.package_identification:_identify(install) by extension 'ignore'
[0.269s] Level 1:colcon.colcon_core.package_identification:_identify(install) ignored
[0.269s] Level 1:colcon.colcon_core.package_identification:_identify(log) by extensions ['ignore', 'ignore_ament_install']
[0.269s] Level 1:colcon.colcon_core.package_identification:_identify(log) by extension 'ignore'
[0.269s] Level 1:colcon.colcon_core.package_identification:_identify(log) ignored
[0.269s] Level 1:colcon.colcon_core.package_identification:_identify(src) by extensions ['ignore', 'ignore_ament_install']
[0.270s] Level 1:colcon.colcon_core.package_identification:_identify(src) by extension 'ignore'
[0.270s] Level 1:colcon.colcon_core.package_identification:_identify(src) by extension 'ignore_ament_install'
[0.270s] Level 1:colcon.colcon_core.package_identification:_identify(src) by extensions ['colcon_pkg']
[0.270s] Level 1:colcon.colcon_core.package_identification:_identify(src) by extension 'colcon_pkg'
[0.270s] Level 1:colcon.colcon_core.package_identification:_identify(src) by extensions ['colcon_meta']
[0.270s] Level 1:colcon.colcon_core.package_identification:_identify(src) by extension 'colcon_meta'
[0.270s] Level 1:colcon.colcon_core.package_identification:_identify(src) by extensions ['ros']
[0.270s] Level 1:colcon.colcon_core.package_identification:_identify(src) by extension 'ros'
[0.271s] Level 1:colcon.colcon_core.package_identification:_identify(src) by extensions ['cmake', 'python']
[0.271s] Level 1:colcon.colcon_core.package_identification:_identify(src) by extension 'cmake'
[0.271s] Level 1:colcon.colcon_core.package_identification:_identify(src) by extension 'python'
[0.271s] Level 1:colcon.colcon_core.package_identification:_identify(src) by extensions ['python_setup_py']
[0.271s] Level 1:colcon.colcon_core.package_identification:_identify(src) by extension 'python_setup_py'
[0.271s] Level 1:colcon.colcon_core.package_identification:_identify(src/cpp_pubsub) by extensions ['ignore', 'ignore_ament_install']
[0.271s] Level 1:colcon.colcon_core.package_identification:_identify(src/cpp_pubsub) by extension 'ignore'
[0.271s] Level 1:colcon.colcon_core.package_identification:_identify(src/cpp_pubsub) by extension 'ignore_ament_install'
[0.271s] Level 1:colcon.colcon_core.package_identification:_identify(src/cpp_pubsub) by extensions ['colcon_pkg']
[0.271s] Level 1:colcon.colcon_core.package_identification:_identify(src/cpp_pubsub) by extension 'colcon_pkg'
[0.271s] Level 1:colcon.colcon_core.package_identification:_identify(src/cpp_pubsub) by extensions ['colcon_meta']
[0.271s] Level 1:colcon.colcon_core.package_identification:_identify(src/cpp_pubsub) by extension 'colcon_meta'
[0.271s] Level 1:colcon.colcon_core.package_identification:_identify(src/cpp_pubsub) by extensions ['ros']
[0.271s] Level 1:colcon.colcon_core.package_identification:_identify(src/cpp_pubsub) by extension 'ros'
[0.274s] DEBUG:colcon.colcon_core.package_identification:Package 'src/cpp_pubsub' with type 'ros.ament_cmake' and name 'cpp_pubsub'
[0.274s] Level 1:colcon.colcon_core.package_identification:_identify(src/task2) by extensions ['ignore', 'ignore_ament_install']
[0.274s] Level 1:colcon.colcon_core.package_identification:_identify(src/task2) by extension 'ignore'
[0.274s] Level 1:colcon.colcon_core.package_identification:_identify(src/task2) by extension 'ignore_ament_install'
[0.274s] Level 1:colcon.colcon_core.package_identification:_identify(src/task2) by extensions ['colcon_pkg']
[0.274s] Level 1:colcon.colcon_core.package_identification:_identify(src/task2) by extension 'colcon_pkg'
[0.274s] Level 1:colcon.colcon_core.package_identification:_identify(src/task2) by extensions ['colcon_meta']
[0.274s] Level 1:colcon.colcon_core.package_identification:_identify(src/task2) by extension 'colcon_meta'
[0.274s] Level 1:colcon.colcon_core.package_identification:_identify(src/task2) by extensions ['ros']
[0.274s] Level 1:colcon.colcon_core.package_identification:_identify(src/task2) by extension 'ros'
[0.275s] DEBUG:colcon.colcon_core.package_identification:Package 'src/task2' with type 'ros.ament_cmake' and name 'task2'
[0.275s] Level 1:colcon.colcon_core.package_discovery:discover_packages(recursive) using defaults
[0.275s] Level 1:colcon.colcon_core.package_discovery:discover_packages(ignore) discover
[0.275s] Level 1:colcon.colcon_core.package_discovery:discover_packages(ignore) using defaults
[0.275s] Level 1:colcon.colcon_core.package_discovery:discover_packages(path) discover
[0.275s] Level 1:colcon.colcon_core.package_discovery:discover_packages(path) using defaults
[0.299s] Level 1:colcon.colcon_core.package_discovery:discover_packages(prefix_path) check parameters
[0.299s] Level 1:colcon.colcon_core.package_discovery:discover_packages(prefix_path) discover
[0.301s] DEBUG:colcon.colcon_installed_package_information.package_discovery:Found 2 installed packages in /home/zychen/dev_ws/install
[0.302s] DEBUG:colcon.colcon_installed_package_information.package_discovery:Found 279 installed packages in /opt/ros/humble
[0.305s] Level 1:colcon.colcon_core.package_discovery:discover_packages(prefix_path) using defaults
[0.354s] Level 5:colcon.colcon_core.verb:set package 'cpp_pubsub' build argument 'cmake_args' from command line to 'None'
[0.354s] Level 5:colcon.colcon_core.verb:set package 'cpp_pubsub' build argument 'cmake_target' from command line to 'None'
[0.354s] Level 5:colcon.colcon_core.verb:set package 'cpp_pubsub' build argument 'cmake_target_skip_unavailable' from command line to 'False'
[0.354s] Level 5:colcon.colcon_core.verb:set package 'cpp_pubsub' build argument 'cmake_clean_cache' from command line to 'False'
[0.354s] Level 5:colcon.colcon_core.verb:set package 'cpp_pubsub' build argument 'cmake_clean_first' from command line to 'False'
[0.354s] Level 5:colcon.colcon_core.verb:set package 'cpp_pubsub' build argument 'cmake_force_configure' from command line to 'False'
[0.354s] Level 5:colcon.colcon_core.verb:set package 'cpp_pubsub' build argument 'ament_cmake_args' from command line to 'None'
[0.354s] Level 5:colcon.colcon_core.verb:set package 'cpp_pubsub' build argument 'catkin_cmake_args' from command line to 'None'
[0.354s] Level 5:colcon.colcon_core.verb:set package 'cpp_pubsub' build argument 'catkin_skip_building_tests' from command line to 'False'
[0.354s] DEBUG:colcon.colcon_core.verb:Building package 'cpp_pubsub' with the following arguments: {'ament_cmake_args': None, 'build_base': '/home/zychen/dev_ws/build/cpp_pubsub', 'catkin_cmake_args': None, 'catkin_skip_building_tests': False, 'cmake_args': None, 'cmake_clean_cache': False, 'cmake_clean_first': False, 'cmake_force_configure': False, 'cmake_target': None, 'cmake_target_skip_unavailable': False, 'install_base': '/home/zychen/dev_ws/install/cpp_pubsub', 'merge_install': False, 'path': '/home/zychen/dev_ws/src/cpp_pubsub', 'symlink_install': False, 'test_result_base': None}
[0.355s] Level 5:colcon.colcon_core.verb:set package 'task2' build argument 'cmake_args' from command line to 'None'
[0.355s] Level 5:colcon.colcon_core.verb:set package 'task2' build argument 'cmake_target' from command line to 'None'
[0.355s] Level 5:colcon.colcon_core.verb:set package 'task2' build argument 'cmake_target_skip_unavailable' from command line to 'False'
[0.355s] Level 5:colcon.colcon_core.verb:set package 'task2' build argument 'cmake_clean_cache' from command line to 'False'
[0.355s] Level 5:colcon.colcon_core.verb:set package 'task2' build argument 'cmake_clean_first' from command line to 'False'
[0.355s] Level 5:colcon.colcon_core.verb:set package 'task2' build argument 'cmake_force_configure' from command line to 'False'
[0.355s] Level 5:colcon.colcon_core.verb:set package 'task2' build argument 'ament_cmake_args' from command line to 'None'
[0.355s] Level 5:colcon.colcon_core.verb:set package 'task2' build argument 'catkin_cmake_args' from command line to 'None'
[0.355s] Level 5:colcon.colcon_core.verb:set package 'task2' build argument 'catkin_skip_building_tests' from command line to 'False'
[0.355s] DEBUG:colcon.colcon_core.verb:Building package 'task2' with the following arguments: {'ament_cmake_args': None, 'build_base': '/home/zychen/dev_ws/build/task2', 'catkin_cmake_args': None, 'catkin_skip_building_tests': False, 'cmake_args': None, 'cmake_clean_cache': False, 'cmake_clean_first': False, 'cmake_force_configure': False, 'cmake_target': None, 'cmake_target_skip_unavailable': False, 'install_base': '/home/zychen/dev_ws/install/task2', 'merge_install': False, 'path': '/home/zychen/dev_ws/src/task2', 'symlink_install': False, 'test_result_base': None}
[0.355s] INFO:colcon.colcon_core.executor:Executing jobs using 'parallel' executor
[0.357s] DEBUG:colcon.colcon_parallel_executor.executor.parallel:run_until_complete
[0.357s] INFO:colcon.colcon_ros.task.ament_cmake.build:Building ROS package in '/home/zychen/dev_ws/src/cpp_pubsub' with build type 'ament_cmake'
[0.357s] INFO:colcon.colcon_cmake.task.cmake.build:Building CMake package in '/home/zychen/dev_ws/src/cpp_pubsub'
[0.359s] INFO:colcon.colcon_core.plugin_system:Skipping extension 'colcon_core.shell.bat': Not used on non-Windows systems
[0.359s] INFO:colcon.colcon_core.shell:Skip shell extension 'powershell' for command environment: Not usable outside of PowerShell
[0.359s] DEBUG:colcon.colcon_core.shell:Skip shell extension 'dsv' for command environment
[0.365s] INFO:colcon.colcon_ros.task.ament_cmake.build:Building ROS package in '/home/zychen/dev_ws/src/task2' with build type 'ament_cmake'
[0.365s] INFO:colcon.colcon_cmake.task.cmake.build:Building CMake package in '/home/zychen/dev_ws/src/task2'
[0.365s] INFO:colcon.colcon_core.shell:Skip shell extension 'powershell' for command environment: Not usable outside of PowerShell
[0.365s] DEBUG:colcon.colcon_core.shell:Skip shell extension 'dsv' for command environment
[0.382s] DEBUG:colcon.colcon_core.event_handler.log_command:Invoking command in '/home/zychen/dev_ws/build/cpp_pubsub': CMAKE_PREFIX_PATH=${CMAKE_PREFIX_PATH}:/opt/ros/humble /usr/bin/cmake --build /home/zychen/dev_ws/build/cpp_pubsub -- -j2 -l2
[0.392s] DEBUG:colcon.colcon_core.event_handler.log_command:Invoking command in '/home/zychen/dev_ws/build/task2': CMAKE_PREFIX_PATH=${CMAKE_PREFIX_PATH}:/opt/ros/humble /usr/bin/cmake --build /home/zychen/dev_ws/build/task2 -- -j2 -l2
[0.511s] DEBUG:colcon.colcon_core.event_handler.log_command:Invoked command in '/home/zychen/dev_ws/build/cpp_pubsub' returned '0': CMAKE_PREFIX_PATH=${CMAKE_PREFIX_PATH}:/opt/ros/humble /usr/bin/cmake --build /home/zychen/dev_ws/build/cpp_pubsub -- -j2 -l2
[0.515s] DEBUG:colcon.colcon_core.event_handler.log_command:Invoked command in '/home/zychen/dev_ws/build/task2' returned '0': CMAKE_PREFIX_PATH=${CMAKE_PREFIX_PATH}:/opt/ros/humble /usr/bin/cmake --build /home/zychen/dev_ws/build/task2 -- -j2 -l2
[0.568s] DEBUG:colcon.colcon_core.event_handler.log_command:Invoking command in '/home/zychen/dev_ws/build/cpp_pubsub': CMAKE_PREFIX_PATH=${CMAKE_PREFIX_PATH}:/opt/ros/humble /usr/bin/cmake --install /home/zychen/dev_ws/build/cpp_pubsub
[0.570s] DEBUG:colcon.colcon_core.event_handler.log_command:Invoking command in '/home/zychen/dev_ws/build/task2': CMAKE_PREFIX_PATH=${CMAKE_PREFIX_PATH}:/opt/ros/humble /usr/bin/cmake --install /home/zychen/dev_ws/build/task2
[0.591s] Level 1:colcon.colcon_core.environment:create_environment_scripts_only(cpp_pubsub)
[0.592s] DEBUG:colcon.colcon_core.event_handler.log_command:Invoked command in '/home/zychen/dev_ws/build/cpp_pubsub' returned '0': CMAKE_PREFIX_PATH=${CMAKE_PREFIX_PATH}:/opt/ros/humble /usr/bin/cmake --install /home/zychen/dev_ws/build/cpp_pubsub
[0.596s] Level 1:colcon.colcon_core.environment:checking '/home/zychen/dev_ws/install/cpp_pubsub' for CMake module files
[0.596s] Level 1:colcon.colcon_core.environment:checking '/home/zychen/dev_ws/install/cpp_pubsub' for CMake config files
[0.597s] Level 1:colcon.colcon_core.shell:create_environment_hook('cpp_pubsub', 'cmake_prefix_path')
[0.597s] INFO:colcon.colcon_core.shell:Creating environment hook '/home/zychen/dev_ws/install/cpp_pubsub/share/cpp_pubsub/hook/cmake_prefix_path.ps1'
[0.598s] INFO:colcon.colcon_core.shell:Creating environment descriptor '/home/zychen/dev_ws/install/cpp_pubsub/share/cpp_pubsub/hook/cmake_prefix_path.dsv'
[0.599s] INFO:colcon.colcon_core.shell:Creating environment hook '/home/zychen/dev_ws/install/cpp_pubsub/share/cpp_pubsub/hook/cmake_prefix_path.sh'
[0.601s] Level 1:colcon.colcon_core.environment:checking '/home/zychen/dev_ws/install/cpp_pubsub/lib'
[0.601s] Level 1:colcon.colcon_core.environment:checking '/home/zychen/dev_ws/install/cpp_pubsub/bin'
[0.601s] Level 1:colcon.colcon_core.environment:checking '/home/zychen/dev_ws/install/cpp_pubsub/lib/pkgconfig/cpp_pubsub.pc'
[0.601s] Level 1:colcon.colcon_core.environment:checking '/home/zychen/dev_ws/install/cpp_pubsub/lib/python3.10/site-packages'
[0.602s] Level 1:colcon.colcon_core.environment:checking '/home/zychen/dev_ws/install/cpp_pubsub/bin'
[0.602s] INFO:colcon.colcon_core.shell:Creating package script '/home/zychen/dev_ws/install/cpp_pubsub/share/cpp_pubsub/package.ps1'
[0.604s] INFO:colcon.colcon_core.shell:Creating package descriptor '/home/zychen/dev_ws/install/cpp_pubsub/share/cpp_pubsub/package.dsv'
[0.604s] INFO:colcon.colcon_core.shell:Creating package script '/home/zychen/dev_ws/install/cpp_pubsub/share/cpp_pubsub/package.sh'
[0.605s] INFO:colcon.colcon_core.shell:Creating package script '/home/zychen/dev_ws/install/cpp_pubsub/share/cpp_pubsub/package.bash'
[0.607s] INFO:colcon.colcon_core.shell:Creating package script '/home/zychen/dev_ws/install/cpp_pubsub/share/cpp_pubsub/package.zsh'
[0.608s] Level 1:colcon.colcon_core.environment:create_file_with_runtime_dependencies(/home/zychen/dev_ws/install/cpp_pubsub/share/colcon-core/packages/cpp_pubsub)
[0.609s] Level 1:colcon.colcon_core.environment:create_environment_scripts_only(task2)
[0.609s] Level 1:colcon.colcon_core.environment:checking '/home/zychen/dev_ws/install/task2' for CMake module files
[0.610s] DEBUG:colcon.colcon_core.event_handler.log_command:Invoked command in '/home/zychen/dev_ws/build/task2' returned '0': CMAKE_PREFIX_PATH=${CMAKE_PREFIX_PATH}:/opt/ros/humble /usr/bin/cmake --install /home/zychen/dev_ws/build/task2
[0.610s] Level 1:colcon.colcon_core.environment:checking '/home/zychen/dev_ws/install/task2' for CMake config files
[0.611s] Level 1:colcon.colcon_core.shell:create_environment_hook('task2', 'cmake_prefix_path')
[0.611s] INFO:colcon.colcon_core.shell:Creating environment hook '/home/zychen/dev_ws/install/task2/share/task2/hook/cmake_prefix_path.ps1'
[0.611s] INFO:colcon.colcon_core.shell:Creating environment descriptor '/home/zychen/dev_ws/install/task2/share/task2/hook/cmake_prefix_path.dsv'
[0.612s] INFO:colcon.colcon_core.shell:Creating environment hook '/home/zychen/dev_ws/install/task2/share/task2/hook/cmake_prefix_path.sh'
[0.613s] Level 1:colcon.colcon_core.environment:checking '/home/zychen/dev_ws/install/task2/lib'
[0.613s] Level 1:colcon.colcon_core.environment:checking '/home/zychen/dev_ws/install/task2/bin'
[0.613s] Level 1:colcon.colcon_core.environment:checking '/home/zychen/dev_ws/install/task2/lib/pkgconfig/task2.pc'
[0.613s] Level 1:colcon.colcon_core.environment:checking '/home/zychen/dev_ws/install/task2/lib/python3.10/site-packages'
[0.613s] Level 1:colcon.colcon_core.environment:checking '/home/zychen/dev_ws/install/task2/bin'
[0.614s] INFO:colcon.colcon_core.shell:Creating package script '/home/zychen/dev_ws/install/task2/share/task2/package.ps1'
[0.614s] INFO:colcon.colcon_core.shell:Creating package descriptor '/home/zychen/dev_ws/install/task2/share/task2/package.dsv'
[0.615s] INFO:colcon.colcon_core.shell:Creating package script '/home/zychen/dev_ws/install/task2/share/task2/package.sh'
[0.615s] INFO:colcon.colcon_core.shell:Creating package script '/home/zychen/dev_ws/install/task2/share/task2/package.bash'
[0.616s] INFO:colcon.colcon_core.shell:Creating package script '/home/zychen/dev_ws/install/task2/share/task2/package.zsh'
[0.616s] Level 1:colcon.colcon_core.environment:create_file_with_runtime_dependencies(/home/zychen/dev_ws/install/task2/share/colcon-core/packages/task2)
[0.650s] Level 1:colcon.colcon_core.environment:create_environment_scripts_only(cpp_pubsub)
[0.651s] Level 1:colcon.colcon_core.environment:checking '/home/zychen/dev_ws/install/cpp_pubsub' for CMake module files
[0.652s] Level 1:colcon.colcon_core.environment:checking '/home/zychen/dev_ws/install/cpp_pubsub' for CMake config files
[0.652s] Level 1:colcon.colcon_core.shell:create_environment_hook('cpp_pubsub', 'cmake_prefix_path')
[0.652s] INFO:colcon.colcon_core.shell:Creating environment hook '/home/zychen/dev_ws/install/cpp_pubsub/share/cpp_pubsub/hook/cmake_prefix_path.ps1'
[0.653s] INFO:colcon.colcon_core.shell:Creating environment descriptor '/home/zychen/dev_ws/install/cpp_pubsub/share/cpp_pubsub/hook/cmake_prefix_path.dsv'
[0.654s] INFO:colcon.colcon_core.shell:Creating environment hook '/home/zychen/dev_ws/install/cpp_pubsub/share/cpp_pubsub/hook/cmake_prefix_path.sh'
[0.655s] Level 1:colcon.colcon_core.environment:checking '/home/zychen/dev_ws/install/cpp_pubsub/lib'
[0.655s] Level 1:colcon.colcon_core.environment:checking '/home/zychen/dev_ws/install/cpp_pubsub/bin'
[0.656s] Level 1:colcon.colcon_core.environment:checking '/home/zychen/dev_ws/install/cpp_pubsub/lib/pkgconfig/cpp_pubsub.pc'
[0.656s] Level 1:colcon.colcon_core.environment:checking '/home/zychen/dev_ws/install/cpp_pubsub/lib/python3.10/site-packages'
[0.656s] Level 1:colcon.colcon_core.environment:checking '/home/zychen/dev_ws/install/cpp_pubsub/bin'
[0.656s] INFO:colcon.colcon_core.shell:Creating package script '/home/zychen/dev_ws/install/cpp_pubsub/share/cpp_pubsub/package.ps1'
[0.657s] INFO:colcon.colcon_core.shell:Creating package descriptor '/home/zychen/dev_ws/install/cpp_pubsub/share/cpp_pubsub/package.dsv'
[0.658s] INFO:colcon.colcon_core.shell:Creating package script '/home/zychen/dev_ws/install/cpp_pubsub/share/cpp_pubsub/package.sh'
[0.659s] INFO:colcon.colcon_core.shell:Creating package script '/home/zychen/dev_ws/install/cpp_pubsub/share/cpp_pubsub/package.bash'
[0.660s] INFO:colcon.colcon_core.shell:Creating package script '/home/zychen/dev_ws/install/cpp_pubsub/share/cpp_pubsub/package.zsh'
[0.661s] Level 1:colcon.colcon_core.environment:create_file_with_runtime_dependencies(/home/zychen/dev_ws/install/cpp_pubsub/share/colcon-core/packages/cpp_pubsub)
[0.662s] Level 1:colcon.colcon_core.environment:create_environment_scripts_only(task2)
[0.663s] Level 1:colcon.colcon_core.environment:checking '/home/zychen/dev_ws/install/task2' for CMake module files
[0.663s] Level 1:colcon.colcon_core.environment:checking '/home/zychen/dev_ws/install/task2' for CMake config files
[0.663s] Level 1:colcon.colcon_core.shell:create_environment_hook('task2', 'cmake_prefix_path')
[0.664s] INFO:colcon.colcon_core.shell:Creating environment hook '/home/zychen/dev_ws/install/task2/share/task2/hook/cmake_prefix_path.ps1'
[0.664s] INFO:colcon.colcon_core.shell:Creating environment descriptor '/home/zychen/dev_ws/install/task2/share/task2/hook/cmake_prefix_path.dsv'
[0.665s] INFO:colcon.colcon_core.shell:Creating environment hook '/home/zychen/dev_ws/install/task2/share/task2/hook/cmake_prefix_path.sh'
[0.666s] Level 1:colcon.colcon_core.environment:checking '/home/zychen/dev_ws/install/task2/lib'
[0.666s] Level 1:colcon.colcon_core.environment:checking '/home/zychen/dev_ws/install/task2/bin'
[0.666s] Level 1:colcon.colcon_core.environment:checking '/home/zychen/dev_ws/install/task2/lib/pkgconfig/task2.pc'
[0.666s] Level 1:colcon.colcon_core.environment:checking '/home/zychen/dev_ws/install/task2/lib/python3.10/site-packages'
[0.666s] Level 1:colcon.colcon_core.environment:checking '/home/zychen/dev_ws/install/task2/bin'
[0.666s] INFO:colcon.colcon_core.shell:Creating package script '/home/zychen/dev_ws/install/task2/share/task2/package.ps1'
[0.667s] INFO:colcon.colcon_core.shell:Creating package descriptor '/home/zychen/dev_ws/install/task2/share/task2/package.dsv'
[0.668s] INFO:colcon.colcon_core.shell:Creating package script '/home/zychen/dev_ws/install/task2/share/task2/package.sh'
[0.669s] INFO:colcon.colcon_core.shell:Creating package script '/home/zychen/dev_ws/install/task2/share/task2/package.bash'
[0.669s] INFO:colcon.colcon_core.shell:Creating package script '/home/zychen/dev_ws/install/task2/share/task2/package.zsh'
[0.670s] Level 1:colcon.colcon_core.environment:create_file_with_runtime_dependencies(/home/zychen/dev_ws/install/task2/share/colcon-core/packages/task2)
[0.670s] DEBUG:colcon.colcon_parallel_executor.executor.parallel:closing loop
[0.671s] DEBUG:colcon.colcon_parallel_executor.executor.parallel:loop closed
[0.672s] DEBUG:colcon.colcon_parallel_executor.executor.parallel:run_until_complete finished with '0'
[0.672s] DEBUG:colcon.colcon_core.event_reactor:joining thread
[0.677s] INFO:colcon.colcon_core.plugin_system:Skipping extension 'colcon_notification.desktop_notification.terminal_notifier': Not used on non-Darwin systems
[0.677s] INFO:colcon.colcon_core.plugin_system:Skipping extension 'colcon_notification.desktop_notification.win32': Not used on non-Windows systems
[0.677s] INFO:colcon.colcon_notification.desktop_notification:Sending desktop notification using 'notify2'
[0.696s] DEBUG:colcon.colcon_core.event_reactor:joined thread
[0.697s] INFO:colcon.colcon_core.shell:Creating prefix script '/home/zychen/dev_ws/install/local_setup.ps1'
[0.698s] INFO:colcon.colcon_core.shell:Creating prefix util module '/home/zychen/dev_ws/install/_local_setup_util_ps1.py'
[0.700s] INFO:colcon.colcon_core.shell:Creating prefix chain script '/home/zychen/dev_ws/install/setup.ps1'
[0.701s] INFO:colcon.colcon_core.shell:Creating prefix script '/home/zychen/dev_ws/install/local_setup.sh'
[0.701s] INFO:colcon.colcon_core.shell:Creating prefix util module '/home/zychen/dev_ws/install/_local_setup_util_sh.py'
[0.702s] INFO:colcon.colcon_core.shell:Creating prefix chain script '/home/zychen/dev_ws/install/setup.sh'
[0.704s] INFO:colcon.colcon_core.shell:Creating prefix script '/home/zychen/dev_ws/install/local_setup.bash'
[0.704s] INFO:colcon.colcon_core.shell:Creating prefix chain script '/home/zychen/dev_ws/install/setup.bash'
[0.706s] INFO:colcon.colcon_core.shell:Creating prefix script '/home/zychen/dev_ws/install/local_setup.zsh'
[0.706s] INFO:colcon.colcon_core.shell:Creating prefix chain script '/home/zychen/dev_ws/install/setup.zsh'
