[0.021s] Invoking command in '/home/zychen/dev_ws/build/cpp_pubsub': CMAKE_PREFIX_PATH=${CMAKE_PREFIX_PATH}:/opt/ros/humble /usr/bin/cmake --build /home/zychen/dev_ws/build/cpp_pubsub -- -j2 -l2
[0.154s] [ 50%] Built target listener
[0.154s] [100%] Built target talker
[0.171s] Invoked command in '/home/zychen/dev_ws/build/cpp_pubsub' returned '0': CMAKE_PREFIX_PATH=${CMAKE_PREFIX_PATH}:/opt/ros/humble /usr/bin/cmake --build /home/zychen/dev_ws/build/cpp_pubsub -- -j2 -l2
[0.228s] Invoking command in '/home/zychen/dev_ws/build/cpp_pubsub': CMAKE_PREFIX_PATH=${CMAKE_PREFIX_PATH}:/opt/ros/humble /usr/bin/cmake --install /home/zychen/dev_ws/build/cpp_pubsub
[0.241s] -- Install configuration: ""
[0.242s] -- Up-to-date: /home/zychen/dev_ws/install/cpp_pubsub/lib/cpp_pubsub/talker
[0.250s] -- Up-to-date: /home/zychen/dev_ws/install/cpp_pubsub/lib/cpp_pubsub/listener
[0.253s] -- Up-to-date: /home/zychen/dev_ws/install/cpp_pubsub/share/ament_index/resource_index/package_run_dependencies/cpp_pubsub
[0.253s] -- Up-to-date: /home/zychen/dev_ws/install/cpp_pubsub/share/ament_index/resource_index/parent_prefix_path/cpp_pubsub
[0.254s] -- Up-to-date: /home/zychen/dev_ws/install/cpp_pubsub/share/cpp_pubsub/environment/ament_prefix_path.sh
[0.254s] -- Up-to-date: /home/zychen/dev_ws/install/cpp_pubsub/share/cpp_pubsub/environment/ament_prefix_path.dsv
[0.254s] -- Up-to-date: /home/zychen/dev_ws/install/cpp_pubsub/share/cpp_pubsub/environment/path.sh
[0.255s] -- Up-to-date: /home/zychen/dev_ws/install/cpp_pubsub/share/cpp_pubsub/environment/path.dsv
[0.255s] -- Up-to-date: /home/zychen/dev_ws/install/cpp_pubsub/share/cpp_pubsub/local_setup.bash
[0.255s] -- Up-to-date: /home/zychen/dev_ws/install/cpp_pubsub/share/cpp_pubsub/local_setup.sh
[0.256s] -- Up-to-date: /home/zychen/dev_ws/install/cpp_pubsub/share/cpp_pubsub/local_setup.zsh
[0.256s] -- Up-to-date: /home/zychen/dev_ws/install/cpp_pubsub/share/cpp_pubsub/local_setup.dsv
[0.256s] -- Installing: /home/zychen/dev_ws/install/cpp_pubsub/share/cpp_pubsub/package.dsv
[0.256s] -- Up-to-date: /home/zychen/dev_ws/install/cpp_pubsub/share/ament_index/resource_index/packages/cpp_pubsub
[0.256s] -- Up-to-date: /home/zychen/dev_ws/install/cpp_pubsub/share/cpp_pubsub/cmake/cpp_pubsubConfig.cmake
[0.256s] -- Up-to-date: /home/zychen/dev_ws/install/cpp_pubsub/share/cpp_pubsub/cmake/cpp_pubsubConfig-version.cmake
[0.256s] -- Up-to-date: /home/zychen/dev_ws/install/cpp_pubsub/share/cpp_pubsub/package.xml
[0.268s] Invoked command in '/home/zychen/dev_ws/build/cpp_pubsub' returned '0': CMAKE_PREFIX_PATH=${CMAKE_PREFIX_PATH}:/opt/ros/humble /usr/bin/cmake --install /home/zychen/dev_ws/build/cpp_pubsub
