[100%] Built target talker
[100%] Built target listener
-- Install configuration: ""
-- Up-to-date: /home/zychen/dev_ws/install/task2/lib/task2/talker
-- Up-to-date: /home/zychen/dev_ws/install/task2/lib/task2/listener
-- Up-to-date: /home/zychen/dev_ws/install/task2/share/task2/urdf
-- Up-to-date: /home/zychen/dev_ws/install/task2/share/task2/urdf/test.urdf
-- Up-to-date: /home/zychen/dev_ws/install/task2/share/task2/launch
-- Up-to-date: /home/zychen/dev_ws/install/task2/share/task2/launch/test1.launch
-- Up-to-date: /home/zychen/dev_ws/install/task2/share/task2/launch/test1.launch.py
-- Up-to-date: /home/zychen/dev_ws/install/task2/share/task2/config
-- Up-to-date: /home/zychen/dev_ws/install/task2/share/task2/config/config3.rviz
-- Up-to-date: /home/zychen/dev_ws/install/task2/share/task2/config/config.rviz
-- Up-to-date: /home/zychen/dev_ws/install/task2/share/task2/config/task2.rviz
-- Up-to-date: /home/zychen/dev_ws/install/task2/share/ament_index/resource_index/package_run_dependencies/task2
-- Up-to-date: /home/zychen/dev_ws/install/task2/share/ament_index/resource_index/parent_prefix_path/task2
-- Up-to-date: /home/zychen/dev_ws/install/task2/share/task2/environment/ament_prefix_path.sh
-- Up-to-date: /home/zychen/dev_ws/install/task2/share/task2/environment/ament_prefix_path.dsv
-- Up-to-date: /home/zychen/dev_ws/install/task2/share/task2/environment/path.sh
-- Up-to-date: /home/zychen/dev_ws/install/task2/share/task2/environment/path.dsv
-- Up-to-date: /home/zychen/dev_ws/install/task2/share/task2/local_setup.bash
-- Up-to-date: /home/zychen/dev_ws/install/task2/share/task2/local_setup.sh
-- Up-to-date: /home/zychen/dev_ws/install/task2/share/task2/local_setup.zsh
-- Up-to-date: /home/zychen/dev_ws/install/task2/share/task2/local_setup.dsv
-- Installing: /home/zychen/dev_ws/install/task2/share/task2/package.dsv
-- Up-to-date: /home/zychen/dev_ws/install/task2/share/ament_index/resource_index/packages/task2
-- Up-to-date: /home/zychen/dev_ws/install/task2/share/task2/cmake/task2Config.cmake
-- Up-to-date: /home/zychen/dev_ws/install/task2/share/task2/cmake/task2Config-version.cmake
-- Up-to-date: /home/zychen/dev_ws/install/task2/share/task2/package.xml
