[0.012s] Invoking command in '/home/zychen/dev_ws/build/task2': CMAKE_PREFIX_PATH=${CMAKE_PREFIX_PATH}:/opt/ros/humble /usr/bin/cmake --build /home/zychen/dev_ws/build/task2 -- -j2 -l2
[0.085s] [100%] Built target talker
[0.085s] [100%] Built target listener
[0.096s] Invoked command in '/home/zychen/dev_ws/build/task2' returned '0': CMAKE_PREFIX_PATH=${CMAKE_PREFIX_PATH}:/opt/ros/humble /usr/bin/cmake --build /home/zychen/dev_ws/build/task2 -- -j2 -l2
[0.153s] Invoking command in '/home/zychen/dev_ws/build/task2': CMAKE_PREFIX_PATH=${CMAKE_PREFIX_PATH}:/opt/ros/humble /usr/bin/cmake --install /home/zychen/dev_ws/build/task2
[0.163s] -- Install configuration: ""
[0.163s] -- Up-to-date: /home/zychen/dev_ws/install/task2/lib/task2/talker
[0.164s] -- Up-to-date: /home/zychen/dev_ws/install/task2/lib/task2/listener
[0.164s] -- Up-to-date: /home/zychen/dev_ws/install/task2/share/task2/urdf
[0.164s] -- Up-to-date: /home/zychen/dev_ws/install/task2/share/task2/urdf/test.urdf
[0.164s] -- Up-to-date: /home/zychen/dev_ws/install/task2/share/task2/launch
[0.164s] -- Up-to-date: /home/zychen/dev_ws/install/task2/share/task2/launch/test1.launch
[0.164s] -- Up-to-date: /home/zychen/dev_ws/install/task2/share/task2/launch/test1.launch.py
[0.164s] -- Up-to-date: /home/zychen/dev_ws/install/task2/share/task2/config
[0.164s] -- Up-to-date: /home/zychen/dev_ws/install/task2/share/task2/config/config3.rviz
[0.164s] -- Up-to-date: /home/zychen/dev_ws/install/task2/share/task2/config/config.rviz
[0.164s] -- Up-to-date: /home/zychen/dev_ws/install/task2/share/task2/config/task2.rviz
[0.164s] -- Up-to-date: /home/zychen/dev_ws/install/task2/share/ament_index/resource_index/package_run_dependencies/task2
[0.166s] -- Up-to-date: /home/zychen/dev_ws/install/task2/share/ament_index/resource_index/parent_prefix_path/task2
[0.166s] -- Up-to-date: /home/zychen/dev_ws/install/task2/share/task2/environment/ament_prefix_path.sh
[0.167s] -- Up-to-date: /home/zychen/dev_ws/install/task2/share/task2/environment/ament_prefix_path.dsv
[0.167s] -- Up-to-date: /home/zychen/dev_ws/install/task2/share/task2/environment/path.sh
[0.167s] -- Up-to-date: /home/zychen/dev_ws/install/task2/share/task2/environment/path.dsv
[0.167s] -- Up-to-date: /home/zychen/dev_ws/install/task2/share/task2/local_setup.bash
[0.167s] -- Up-to-date: /home/zychen/dev_ws/install/task2/share/task2/local_setup.sh
[0.167s] -- Up-to-date: /home/zychen/dev_ws/install/task2/share/task2/local_setup.zsh
[0.167s] -- Up-to-date: /home/zychen/dev_ws/install/task2/share/task2/local_setup.dsv
[0.167s] -- Installing: /home/zychen/dev_ws/install/task2/share/task2/package.dsv
[0.167s] -- Up-to-date: /home/zychen/dev_ws/install/task2/share/ament_index/resource_index/packages/task2
[0.167s] -- Up-to-date: /home/zychen/dev_ws/install/task2/share/task2/cmake/task2Config.cmake
[0.167s] -- Up-to-date: /home/zychen/dev_ws/install/task2/share/task2/cmake/task2Config-version.cmake
[0.167s] -- Up-to-date: /home/zychen/dev_ws/install/task2/share/task2/package.xml
[0.170s] Invoked command in '/home/zychen/dev_ws/build/task2' returned '0': CMAKE_PREFIX_PATH=${CMAKE_PREFIX_PATH}:/opt/ros/humble /usr/bin/cmake --install /home/zychen/dev_ws/build/task2
