/home/zychen/dev_ws/install/robot_application/lib/python3.10/site-packages/robot_application/init_robot_pose1.py
/home/zychen/dev_ws/install/robot_application/lib/python3.10/site-packages/robot_application/waypoint2.py
/home/zychen/dev_ws/install/robot_application/lib/python3.10/site-packages/robot_application/__init__.py
/home/zychen/dev_ws/install/robot_application/lib/python3.10/site-packages/robot_application/init_robot_pose.py
/home/zychen/dev_ws/install/robot_application/lib/python3.10/site-packages/robot_application/init_robot_pose2.py
/home/zychen/dev_ws/install/robot_application/lib/python3.10/site-packages/robot_application/get_robot.pose.py
/home/zychen/dev_ws/install/robot_application/lib/python3.10/site-packages/robot_application/init_pose.py
/home/zychen/dev_ws/install/robot_application/lib/python3.10/site-packages/robot_application/init_pose2.py
/home/zychen/dev_ws/install/robot_application/lib/python3.10/site-packages/robot_application/waypoint.py
/home/zychen/dev_ws/install/robot_application/lib/python3.10/site-packages/robot_application/__pycache__/init_robot_pose1.cpython-310.pyc
/home/zychen/dev_ws/install/robot_application/lib/python3.10/site-packages/robot_application/__pycache__/waypoint2.cpython-310.pyc
/home/zychen/dev_ws/install/robot_application/lib/python3.10/site-packages/robot_application/__pycache__/__init__.cpython-310.pyc
/home/zychen/dev_ws/install/robot_application/lib/python3.10/site-packages/robot_application/__pycache__/init_robot_pose.cpython-310.pyc
/home/zychen/dev_ws/install/robot_application/lib/python3.10/site-packages/robot_application/__pycache__/init_robot_pose2.cpython-310.pyc
/home/zychen/dev_ws/install/robot_application/lib/python3.10/site-packages/robot_application/__pycache__/get_robot.pose.cpython-310.pyc
/home/zychen/dev_ws/install/robot_application/lib/python3.10/site-packages/robot_application/__pycache__/init_pose.cpython-310.pyc
/home/zychen/dev_ws/install/robot_application/lib/python3.10/site-packages/robot_application/__pycache__/init_pose2.cpython-310.pyc
/home/zychen/dev_ws/install/robot_application/lib/python3.10/site-packages/robot_application/__pycache__/waypoint.cpython-310.pyc
/home/zychen/dev_ws/install/robot_application/share/ament_index/resource_index/packages/robot_application
/home/zychen/dev_ws/install/robot_application/share/robot_application/package.xml
/home/zychen/dev_ws/install/robot_application/lib/python3.10/site-packages/robot_application-0.0.0-py3.10.egg-info/SOURCES.txt
/home/zychen/dev_ws/install/robot_application/lib/python3.10/site-packages/robot_application-0.0.0-py3.10.egg-info/PKG-INFO
/home/zychen/dev_ws/install/robot_application/lib/python3.10/site-packages/robot_application-0.0.0-py3.10.egg-info/requires.txt
/home/zychen/dev_ws/install/robot_application/lib/python3.10/site-packages/robot_application-0.0.0-py3.10.egg-info/top_level.txt
/home/zychen/dev_ws/install/robot_application/lib/python3.10/site-packages/robot_application-0.0.0-py3.10.egg-info/dependency_links.txt
/home/zychen/dev_ws/install/robot_application/lib/python3.10/site-packages/robot_application-0.0.0-py3.10.egg-info/zip-safe
/home/zychen/dev_ws/install/robot_application/lib/python3.10/site-packages/robot_application-0.0.0-py3.10.egg-info/entry_points.txt
/home/zychen/dev_ws/install/robot_application/lib/robot_application/init_pose
/home/zychen/dev_ws/install/robot_application/lib/robot_application/init_pose2
/home/zychen/dev_ws/install/robot_application/lib/robot_application/init_robot_pose
/home/zychen/dev_ws/install/robot_application/lib/robot_application/init_robot_pose1
/home/zychen/dev_ws/install/robot_application/lib/robot_application/init_robot_pose2
/home/zychen/dev_ws/install/robot_application/lib/robot_application/waypoint
/home/zychen/dev_ws/install/robot_application/lib/robot_application/waypoint2
