[0.021s] Invoking command in '/home/zychen/dev_ws/build/cpp_pubsub': CMAKE_PREFIX_PATH=${CMAKE_PREFIX_PATH}:/opt/ros/humble /usr/bin/cmake --build /home/zychen/dev_ws/build/cpp_pubsub -- -j2 -l2
[0.144s] [ 50%] Built target talker
[0.145s] [100%] Built target listener
[0.162s] Invoked command in '/home/zychen/dev_ws/build/cpp_pubsub' returned '0': CMAKE_PREFIX_PATH=${CMAKE_PREFIX_PATH}:/opt/ros/humble /usr/bin/cmake --build /home/zychen/dev_ws/build/cpp_pubsub -- -j2 -l2
[0.215s] Invoking command in '/home/zychen/dev_ws/build/cpp_pubsub': CMAKE_PREFIX_PATH=${CMAKE_PREFIX_PATH}:/opt/ros/humble /usr/bin/cmake --install /home/zychen/dev_ws/build/cpp_pubsub
[0.227s] -- Install configuration: ""
[0.227s] -- Up-to-date: /home/zychen/dev_ws/install/cpp_pubsub/lib/cpp_pubsub/talker
[0.228s] -- Up-to-date: /home/zychen/dev_ws/install/cpp_pubsub/lib/cpp_pubsub/listener
[0.228s] -- Up-to-date: /home/zychen/dev_ws/install/cpp_pubsub/share/ament_index/resource_index/package_run_dependencies/cpp_pubsub
[0.228s] -- Up-to-date: /home/zychen/dev_ws/install/cpp_pubsub/share/ament_index/resource_index/parent_prefix_path/cpp_pubsub
[0.231s] -- Up-to-date: /home/zychen/dev_ws/install/cpp_pubsub/share/cpp_pubsub/environment/ament_prefix_path.sh
[0.231s] -- Up-to-date: /home/zychen/dev_ws/install/cpp_pubsub/share/cpp_pubsub/environment/ament_prefix_path.dsv
[0.231s] -- Up-to-date: /home/zychen/dev_ws/install/cpp_pubsub/share/cpp_pubsub/environment/path.sh
[0.231s] -- Up-to-date: /home/zychen/dev_ws/install/cpp_pubsub/share/cpp_pubsub/environment/path.dsv
[0.231s] -- Up-to-date: /home/zychen/dev_ws/install/cpp_pubsub/share/cpp_pubsub/local_setup.bash
[0.231s] -- Up-to-date: /home/zychen/dev_ws/install/cpp_pubsub/share/cpp_pubsub/local_setup.sh
[0.232s] -- Up-to-date: /home/zychen/dev_ws/install/cpp_pubsub/share/cpp_pubsub/local_setup.zsh
[0.232s] -- Up-to-date: /home/zychen/dev_ws/install/cpp_pubsub/share/cpp_pubsub/local_setup.dsv
[0.232s] -- Installing: /home/zychen/dev_ws/install/cpp_pubsub/share/cpp_pubsub/package.dsv
[0.232s] -- Up-to-date: /home/zychen/dev_ws/install/cpp_pubsub/share/ament_index/resource_index/packages/cpp_pubsub
[0.232s] -- Up-to-date: /home/zychen/dev_ws/install/cpp_pubsub/share/cpp_pubsub/cmake/cpp_pubsubConfig.cmake
[0.232s] -- Up-to-date: /home/zychen/dev_ws/install/cpp_pubsub/share/cpp_pubsub/cmake/cpp_pubsubConfig-version.cmake
[0.232s] -- Up-to-date: /home/zychen/dev_ws/install/cpp_pubsub/share/cpp_pubsub/package.xml
[0.244s] Invoked command in '/home/zychen/dev_ws/build/cpp_pubsub' returned '0': CMAKE_PREFIX_PATH=${CMAKE_PREFIX_PATH}:/opt/ros/humble /usr/bin/cmake --install /home/zychen/dev_ws/build/cpp_pubsub
