[0.025s] Invoking command in '/home/zychen/dev_ws/build/task2': CMAKE_PREFIX_PATH=/opt/ros/humble /usr/bin/cmake --build /home/zychen/dev_ws/build/task2 -- -j2 -l2
[0.063s] -- Found rclcpp: 16.0.10 (/opt/ros/humble/share/rclcpp/cmake)
[0.248s] -- Found rosidl_generator_c: 3.1.5 (/opt/ros/humble/share/rosidl_generator_c/cmake)
[0.251s] -- Found rosidl_adapter: 3.1.5 (/opt/ros/humble/share/rosidl_adapter/cmake)
[0.259s] -- Found rosidl_generator_cpp: 3.1.5 (/opt/ros/humble/share/rosidl_generator_cpp/cmake)
[0.271s] -- Using all available rosidl_typesupport_c: rosidl_typesupport_fastrtps_c;rosidl_typesupport_introspection_c
[0.283s] -- Using all available rosidl_typesupport_cpp: rosidl_typesupport_fastrtps_cpp;rosidl_typesupport_introspection_cpp
[0.319s] -- Found rmw_implementation_cmake: 6.1.2 (/opt/ros/humble/share/rmw_implementation_cmake/cmake)
[0.320s] -- Found rmw_fastrtps_cpp: 6.2.7 (/opt/ros/humble/share/rmw_fastrtps_cpp/cmake)
[0.437s] -- Using RMW implementation 'rmw_fastrtps_cpp' as default
[0.498s] -- Found sensor_msgs: 4.2.4 (/opt/ros/humble/share/sensor_msgs/cmake)
[0.527s] -- Found cv_bridge: 3.2.1 (/opt/ros/humble/share/cv_bridge/cmake)
[0.541s] -- Found ament_lint_auto: 0.12.11 (/opt/ros/humble/share/ament_lint_auto/cmake)
[0.636s] -- Added test 'cppcheck' to perform static code analysis on C / C++ code
[0.637s] -- Configured cppcheck include dirs: 
[0.637s] -- Configured cppcheck exclude dirs and/or files: 
[0.638s] -- Added test 'flake8' to check Python code syntax and style conventions
[0.639s] -- Added test 'lint_cmake' to check CMake code style
[0.640s] -- Added test 'pep257' to check Python code against some of the docstring style conventions in PEP 257
[0.643s] -- Added test 'uncrustify' to check C / C++ code style
[0.643s] -- Configured uncrustify additional arguments: 
[0.644s] -- Added test 'xmllint' to check XML markup files
[0.647s] -- Configuring done
[0.679s] -- Generating done
[0.684s] -- Build files have been written to: /home/zychen/dev_ws/build/task2
[0.719s] [35m[1mConsolidate compiler generated dependencies of target listener[0m
[0.719s] [35m[1mConsolidate compiler generated dependencies of target talker[0m
[0.748s] [ 50%] Built target listener
[0.758s] [100%] Built target talker
[0.775s] Invoked command in '/home/zychen/dev_ws/build/task2' returned '0': CMAKE_PREFIX_PATH=/opt/ros/humble /usr/bin/cmake --build /home/zychen/dev_ws/build/task2 -- -j2 -l2
[0.816s] Invoking command in '/home/zychen/dev_ws/build/task2': CMAKE_PREFIX_PATH=/opt/ros/humble /usr/bin/cmake --install /home/zychen/dev_ws/build/task2
[0.827s] -- Install configuration: ""
[0.829s] -- Up-to-date: /home/zychen/dev_ws/install/task2/lib/task2/talker
[0.831s] -- Up-to-date: /home/zychen/dev_ws/install/task2/lib/task2/listener
[0.832s] -- Up-to-date: /home/zychen/dev_ws/install/task2/share/task2/urdf
[0.832s] -- Installing: /home/zychen/dev_ws/install/task2/share/task2/urdf/base.urdf.xacro
[0.832s] -- Installing: /home/zychen/dev_ws/install/task2/share/task2/urdf/common_inertia.xacro
[0.834s] -- Up-to-date: /home/zychen/dev_ws/install/task2/share/task2/urdf/test.urdf
[0.834s] -- Up-to-date: /home/zychen/dev_ws/install/task2/share/task2/urdf/first_robot.xacro
[0.834s] -- Up-to-date: /home/zychen/dev_ws/install/task2/share/task2/urdf/first_robot.urdf
[0.834s] -- Installing: /home/zychen/dev_ws/install/task2/share/task2/urdf/plugins
[0.835s] -- Installing: /home/zychen/dev_ws/install/task2/share/task2/urdf/plugins/gazebo_sensor_plugin.xacro
[0.835s] -- Installing: /home/zychen/dev_ws/install/task2/share/task2/urdf/plugins/gazebo_control_plugin.xacro
[0.836s] -- Up-to-date: /home/zychen/dev_ws/install/task2/share/task2/urdf/sensor
[0.837s] -- Installing: /home/zychen/dev_ws/install/task2/share/task2/urdf/sensor/laser.urdf.xacro
[0.837s] -- Installing: /home/zychen/dev_ws/install/task2/share/task2/urdf/sensor/imu.urdf.xacro
[0.838s] -- Installing: /home/zychen/dev_ws/install/task2/share/task2/urdf/sensor/camera.urdf.xacro
[0.839s] -- Installing: /home/zychen/dev_ws/install/task2/share/task2/urdf/actuactor
[0.839s] -- Installing: /home/zychen/dev_ws/install/task2/share/task2/urdf/actuactor/wheel.urdf.xacro
[0.840s] -- Installing: /home/zychen/dev_ws/install/task2/share/task2/urdf/actuactor/caster.urdf.xacro
[0.840s] -- Installing: /home/zychen/dev_ws/install/task2/share/task2/urdf/trans_robot.urdf.xacro
[0.841s] -- Up-to-date: /home/zychen/dev_ws/install/task2/share/task2/launch
[0.841s] -- Installing: /home/zychen/dev_ws/install/task2/share/task2/launch/navigation2.launch.py
[0.841s] -- Installing: /home/zychen/dev_ws/install/task2/share/task2/launch/display_robot.launch.py
[0.842s] -- Installing: /home/zychen/dev_ws/install/task2/share/task2/launch/gazebo_sim1.launch.py
[0.842s] -- Installing: /home/zychen/dev_ws/install/task2/share/task2/launch/gazebo_sim.launch.py
[0.843s] -- Up-to-date: /home/zychen/dev_ws/install/task2/share/task2/launch/test1.launch.py
[0.843s] -- Up-to-date: /home/zychen/dev_ws/install/task2/share/task2/config
[0.844s] -- Installing: /home/zychen/dev_ws/install/task2/share/task2/config/nav2_params.yaml
[0.844s] -- Up-to-date: /home/zychen/dev_ws/install/task2/share/task2/config/rviz
[0.845s] -- Installing: /home/zychen/dev_ws/install/task2/share/task2/config/rviz/displayBetter.rviz
[0.845s] -- Up-to-date: /home/zychen/dev_ws/install/task2/share/task2/config/rviz/config.rviz
[0.845s] -- Up-to-date: /home/zychen/dev_ws/install/task2/share/task2/config/rviz/display.rviz
[0.845s] -- Up-to-date: /home/zychen/dev_ws/install/task2/share/task2/config/rviz/task2.rviz
[0.846s] -- Installing: /home/zychen/dev_ws/install/task2/share/task2/world
[0.846s] -- Installing: /home/zychen/dev_ws/install/task2/share/task2/world/midRoom
[0.846s] -- Installing: /home/zychen/dev_ws/install/task2/share/task2/world/midRoom/model.sdf
[0.847s] -- Installing: /home/zychen/dev_ws/install/task2/share/task2/world/midRoom/model.config
[0.847s] -- Installing: /home/zychen/dev_ws/install/task2/share/task2/world/custom_world.world
[0.848s] -- Installing: /home/zychen/dev_ws/install/task2/share/task2/world/new_world.world
[0.850s] -- Installing: /home/zychen/dev_ws/install/task2/share/task2/world/RightRoom
[0.850s] -- Installing: /home/zychen/dev_ws/install/task2/share/task2/world/RightRoom/model.sdf
[0.852s] -- Installing: /home/zychen/dev_ws/install/task2/share/task2/world/RightRoom/model.config
[0.852s] -- Installing: /home/zychen/dev_ws/install/task2/share/task2/world/largeRoom
[0.852s] -- Installing: /home/zychen/dev_ws/install/task2/share/task2/world/largeRoom/model.sdf
[0.854s] -- Installing: /home/zychen/dev_ws/install/task2/share/task2/world/largeRoom/model.config
[0.855s] -- Installing: /home/zychen/dev_ws/install/task2/share/task2/maps
[0.855s] -- Installing: /home/zychen/dev_ws/install/task2/share/task2/maps/room1.yaml
[0.855s] -- Installing: /home/zychen/dev_ws/install/task2/share/task2/maps/room1.pgm
[0.855s] -- Installing: /home/zychen/dev_ws/install/task2/share/task2/maps/room.yaml
[0.855s] -- Installing: /home/zychen/dev_ws/install/task2/share/task2/maps/room.pgm
[0.856s] -- Up-to-date: /home/zychen/dev_ws/install/task2/share/ament_index/resource_index/package_run_dependencies/task2
[0.856s] -- Installing: /home/zychen/dev_ws/install/task2/share/ament_index/resource_index/parent_prefix_path/task2
[0.856s] -- Up-to-date: /home/zychen/dev_ws/install/task2/share/task2/environment/ament_prefix_path.sh
[0.857s] -- Installing: /home/zychen/dev_ws/install/task2/share/task2/environment/ament_prefix_path.dsv
[0.858s] -- Up-to-date: /home/zychen/dev_ws/install/task2/share/task2/environment/path.sh
[0.858s] -- Installing: /home/zychen/dev_ws/install/task2/share/task2/environment/path.dsv
[0.859s] -- Up-to-date: /home/zychen/dev_ws/install/task2/share/task2/local_setup.bash
[0.859s] -- Up-to-date: /home/zychen/dev_ws/install/task2/share/task2/local_setup.sh
[0.859s] -- Up-to-date: /home/zychen/dev_ws/install/task2/share/task2/local_setup.zsh
[0.859s] -- Installing: /home/zychen/dev_ws/install/task2/share/task2/local_setup.dsv
[0.860s] -- Installing: /home/zychen/dev_ws/install/task2/share/task2/package.dsv
[0.861s] -- Up-to-date: /home/zychen/dev_ws/install/task2/share/ament_index/resource_index/packages/task2
[0.862s] -- Up-to-date: /home/zychen/dev_ws/install/task2/share/task2/cmake/task2Config.cmake
[0.862s] -- Up-to-date: /home/zychen/dev_ws/install/task2/share/task2/cmake/task2Config-version.cmake
[0.862s] -- Up-to-date: /home/zychen/dev_ws/install/task2/share/task2/package.xml
[0.865s] Invoked command in '/home/zychen/dev_ws/build/task2' returned '0': CMAKE_PREFIX_PATH=/opt/ros/humble /usr/bin/cmake --install /home/zychen/dev_ws/build/task2
