[0.020s] Invoking command in '/home/zychen/dev_ws/build/task2': CMAKE_PREFIX_PATH=${CMAKE_PREFIX_PATH}:/opt/ros/humble /usr/bin/cmake --build /home/zychen/dev_ws/build/task2 -- -j2 -l2
[0.154s] [ 50%] Built target talker
[0.162s] [100%] Built target listener
[0.180s] Invoked command in '/home/zychen/dev_ws/build/task2' returned '0': CMAKE_PREFIX_PATH=${CMAKE_PREFIX_PATH}:/opt/ros/humble /usr/bin/cmake --build /home/zychen/dev_ws/build/task2 -- -j2 -l2
[0.225s] Invoking command in '/home/zychen/dev_ws/build/task2': CMAKE_PREFIX_PATH=${CMAKE_PREFIX_PATH}:/opt/ros/humble /usr/bin/cmake --install /home/zychen/dev_ws/build/task2
[0.244s] -- Install configuration: ""
[0.244s] -- Installing: /home/zychen/dev_ws/install/task2/lib/task2/talker
[0.248s] -- Set runtime path of "/home/zychen/dev_ws/install/task2/lib/task2/talker" to ""
[0.248s] -- Installing: /home/zychen/dev_ws/install/task2/lib/task2/listener
[0.259s] -- Set runtime path of "/home/zychen/dev_ws/install/task2/lib/task2/listener" to ""
[0.260s] -- Installing: /home/zychen/dev_ws/install/task2/share/task2/urdf
[0.260s] -- Installing: /home/zychen/dev_ws/install/task2/share/task2/urdf/test.urdf
[0.260s] -- Installing: /home/zychen/dev_ws/install/task2/share/task2/launch
[0.260s] -- Installing: /home/zychen/dev_ws/install/task2/share/task2/launch/test1.launch
[0.260s] -- Installing: /home/zychen/dev_ws/install/task2/share/task2/launch/test1.launch.py
[0.261s] -- Installing: /home/zychen/dev_ws/install/task2/share/task2/config
[0.261s] -- Installing: /home/zychen/dev_ws/install/task2/share/task2/config/config3.rviz
[0.261s] -- Installing: /home/zychen/dev_ws/install/task2/share/task2/config/config.rviz
[0.265s] -- Installing: /home/zychen/dev_ws/install/task2/share/task2/config/task2.rviz
[0.265s] -- Installing: /home/zychen/dev_ws/install/task2/share/ament_index/resource_index/package_run_dependencies/task2
[0.265s] -- Installing: /home/zychen/dev_ws/install/task2/share/ament_index/resource_index/parent_prefix_path/task2
[0.265s] -- Installing: /home/zychen/dev_ws/install/task2/share/task2/environment/ament_prefix_path.sh
[0.265s] -- Installing: /home/zychen/dev_ws/install/task2/share/task2/environment/ament_prefix_path.dsv
[0.266s] -- Installing: /home/zychen/dev_ws/install/task2/share/task2/environment/path.sh
[0.266s] -- Installing: /home/zychen/dev_ws/install/task2/share/task2/environment/path.dsv
[0.267s] -- Installing: /home/zychen/dev_ws/install/task2/share/task2/local_setup.bash
[0.267s] -- Installing: /home/zychen/dev_ws/install/task2/share/task2/local_setup.sh
[0.268s] -- Installing: /home/zychen/dev_ws/install/task2/share/task2/local_setup.zsh
[0.269s] -- Installing: /home/zychen/dev_ws/install/task2/share/task2/local_setup.dsv
[0.269s] -- Installing: /home/zychen/dev_ws/install/task2/share/task2/package.dsv
[0.270s] -- Installing: /home/zychen/dev_ws/install/task2/share/ament_index/resource_index/packages/task2
[0.271s] -- Installing: /home/zychen/dev_ws/install/task2/share/task2/cmake/task2Config.cmake
[0.272s] -- Installing: /home/zychen/dev_ws/install/task2/share/task2/cmake/task2Config-version.cmake
[0.272s] -- Installing: /home/zychen/dev_ws/install/task2/share/task2/package.xml
[0.275s] Invoked command in '/home/zychen/dev_ws/build/task2' returned '0': CMAKE_PREFIX_PATH=${CMAKE_PREFIX_PATH}:/opt/ros/humble /usr/bin/cmake --install /home/zychen/dev_ws/build/task2
