[0.013s] Invoking command in '/home/zychen/dev_ws/build/task2': CMAKE_PREFIX_PATH=${CMAKE_PREFIX_PATH}:/opt/ros/humble /usr/bin/cmake --build /home/zychen/dev_ws/build/task2 -- -j2 -l2
[0.110s] [ 50%] Built target talker
[0.112s] [100%] Built target listener
[0.134s] Invoked command in '/home/zychen/dev_ws/build/task2' returned '0': CMAKE_PREFIX_PATH=${CMAKE_PREFIX_PATH}:/opt/ros/humble /usr/bin/cmake --build /home/zychen/dev_ws/build/task2 -- -j2 -l2
[0.190s] Invoking command in '/home/zychen/dev_ws/build/task2': CMAKE_PREFIX_PATH=${CMAKE_PREFIX_PATH}:/opt/ros/humble /usr/bin/cmake --install /home/zychen/dev_ws/build/task2
[0.200s] -- Install configuration: ""
[0.203s] -- Up-to-date: /home/zychen/dev_ws/install/task2/lib/task2/talker
[0.203s] -- Up-to-date: /home/zychen/dev_ws/install/task2/lib/task2/listener
[0.204s] -- Up-to-date: /home/zychen/dev_ws/install/task2/share/task2/urdf
[0.204s] -- Up-to-date: /home/zychen/dev_ws/install/task2/share/task2/urdf/test.urdf
[0.204s] -- Up-to-date: /home/zychen/dev_ws/install/task2/share/task2/urdf/first_robot.xacro
[0.204s] -- Up-to-date: /home/zychen/dev_ws/install/task2/share/task2/urdf/first_robot.urdf
[0.204s] -- Up-to-date: /home/zychen/dev_ws/install/task2/share/task2/launch
[0.204s] -- Up-to-date: /home/zychen/dev_ws/install/task2/share/task2/launch/display_robot.launch.py
[0.204s] -- Up-to-date: /home/zychen/dev_ws/install/task2/share/task2/launch/test1.launch
[0.204s] -- Up-to-date: /home/zychen/dev_ws/install/task2/share/task2/launch/test1.launch.py
[0.204s] -- Up-to-date: /home/zychen/dev_ws/install/task2/share/task2/config
[0.204s] -- Up-to-date: /home/zychen/dev_ws/install/task2/share/task2/config/rviz
[0.204s] -- Up-to-date: /home/zychen/dev_ws/install/task2/share/task2/config/rviz/config.rviz
[0.204s] -- Installing: /home/zychen/dev_ws/install/task2/share/task2/config/rviz/display.rviz
[0.204s] -- Up-to-date: /home/zychen/dev_ws/install/task2/share/task2/config/rviz/task2.rviz
[0.205s] -- Up-to-date: /home/zychen/dev_ws/install/task2/share/ament_index/resource_index/package_run_dependencies/task2
[0.205s] -- Up-to-date: /home/zychen/dev_ws/install/task2/share/ament_index/resource_index/parent_prefix_path/task2
[0.205s] -- Up-to-date: /home/zychen/dev_ws/install/task2/share/task2/environment/ament_prefix_path.sh
[0.205s] -- Up-to-date: /home/zychen/dev_ws/install/task2/share/task2/environment/ament_prefix_path.dsv
[0.205s] -- Up-to-date: /home/zychen/dev_ws/install/task2/share/task2/environment/path.sh
[0.205s] -- Up-to-date: /home/zychen/dev_ws/install/task2/share/task2/environment/path.dsv
[0.205s] -- Up-to-date: /home/zychen/dev_ws/install/task2/share/task2/local_setup.bash
[0.205s] -- Up-to-date: /home/zychen/dev_ws/install/task2/share/task2/local_setup.sh
[0.205s] -- Up-to-date: /home/zychen/dev_ws/install/task2/share/task2/local_setup.zsh
[0.205s] -- Up-to-date: /home/zychen/dev_ws/install/task2/share/task2/local_setup.dsv
[0.205s] -- Installing: /home/zychen/dev_ws/install/task2/share/task2/package.dsv
[0.205s] -- Up-to-date: /home/zychen/dev_ws/install/task2/share/ament_index/resource_index/packages/task2
[0.205s] -- Up-to-date: /home/zychen/dev_ws/install/task2/share/task2/cmake/task2Config.cmake
[0.205s] -- Up-to-date: /home/zychen/dev_ws/install/task2/share/task2/cmake/task2Config-version.cmake
[0.205s] -- Up-to-date: /home/zychen/dev_ws/install/task2/share/task2/package.xml
[0.208s] Invoked command in '/home/zychen/dev_ws/build/task2' returned '0': CMAKE_PREFIX_PATH=${CMAKE_PREFIX_PATH}:/opt/ros/humble /usr/bin/cmake --install /home/zychen/dev_ws/build/task2
