[0.020s] Invoking command in '/home/zychen/dev_ws/build/cpp_pubsub': CMAKE_PREFIX_PATH=/opt/ros/humble /usr/bin/cmake --build /home/zychen/dev_ws/build/cpp_pubsub -- -j2 -l2
[0.139s] [ 50%] Built target talker
[0.143s] [100%] Built target listener
[0.158s] Invoked command in '/home/zychen/dev_ws/build/cpp_pubsub' returned '0': CMAKE_PREFIX_PATH=/opt/ros/humble /usr/bin/cmake --build /home/zychen/dev_ws/build/cpp_pubsub -- -j2 -l2
[0.212s] Invoking command in '/home/zychen/dev_ws/build/cpp_pubsub': CMAKE_PREFIX_PATH=/opt/ros/humble /usr/bin/cmake --install /home/zychen/dev_ws/build/cpp_pubsub
[0.227s] -- Install configuration: ""
[0.229s] -- Up-to-date: /home/zychen/dev_ws/install/cpp_pubsub/lib/cpp_pubsub/talker
[0.231s] -- Up-to-date: /home/zychen/dev_ws/install/cpp_pubsub/lib/cpp_pubsub/listener
[0.233s] -- Up-to-date: /home/zychen/dev_ws/install/cpp_pubsub/share/ament_index/resource_index/package_run_dependencies/cpp_pubsub
[0.233s] -- Up-to-date: /home/zychen/dev_ws/install/cpp_pubsub/share/ament_index/resource_index/parent_prefix_path/cpp_pubsub
[0.234s] -- Up-to-date: /home/zychen/dev_ws/install/cpp_pubsub/share/cpp_pubsub/environment/ament_prefix_path.sh
[0.235s] -- Up-to-date: /home/zychen/dev_ws/install/cpp_pubsub/share/cpp_pubsub/environment/ament_prefix_path.dsv
[0.235s] -- Up-to-date: /home/zychen/dev_ws/install/cpp_pubsub/share/cpp_pubsub/environment/path.sh
[0.235s] -- Up-to-date: /home/zychen/dev_ws/install/cpp_pubsub/share/cpp_pubsub/environment/path.dsv
[0.235s] -- Up-to-date: /home/zychen/dev_ws/install/cpp_pubsub/share/cpp_pubsub/local_setup.bash
[0.236s] -- Up-to-date: /home/zychen/dev_ws/install/cpp_pubsub/share/cpp_pubsub/local_setup.sh
[0.236s] -- Up-to-date: /home/zychen/dev_ws/install/cpp_pubsub/share/cpp_pubsub/local_setup.zsh
[0.236s] -- Up-to-date: /home/zychen/dev_ws/install/cpp_pubsub/share/cpp_pubsub/local_setup.dsv
[0.236s] -- Installing: /home/zychen/dev_ws/install/cpp_pubsub/share/cpp_pubsub/package.dsv
[0.237s] -- Up-to-date: /home/zychen/dev_ws/install/cpp_pubsub/share/ament_index/resource_index/packages/cpp_pubsub
[0.238s] -- Up-to-date: /home/zychen/dev_ws/install/cpp_pubsub/share/cpp_pubsub/cmake/cpp_pubsubConfig.cmake
[0.238s] -- Up-to-date: /home/zychen/dev_ws/install/cpp_pubsub/share/cpp_pubsub/cmake/cpp_pubsubConfig-version.cmake
[0.239s] -- Up-to-date: /home/zychen/dev_ws/install/cpp_pubsub/share/cpp_pubsub/package.xml
[0.240s] Invoked command in '/home/zychen/dev_ws/build/cpp_pubsub' returned '0': CMAKE_PREFIX_PATH=/opt/ros/humble /usr/bin/cmake --install /home/zychen/dev_ws/build/cpp_pubsub
