-- Found rclcpp: 16.0.10 (/opt/ros/humble/share/rclcpp/cmake)
-- Found rosidl_generator_c: 3.1.5 (/opt/ros/humble/share/rosidl_generator_c/cmake)
-- Found rosidl_adapter: 3.1.5 (/opt/ros/humble/share/rosidl_adapter/cmake)
-- Found rosidl_generator_cpp: 3.1.5 (/opt/ros/humble/share/rosidl_generator_cpp/cmake)
-- Using all available rosidl_typesupport_c: rosidl_typesupport_fastrtps_c;rosidl_typesupport_introspection_c
-- Using all available rosidl_typesupport_cpp: rosidl_typesupport_fastrtps_cpp;rosidl_typesupport_introspection_cpp
-- Found rmw_implementation_cmake: 6.1.2 (/opt/ros/humble/share/rmw_implementation_cmake/cmake)
-- Found rmw_fastrtps_cpp: 6.2.7 (/opt/ros/humble/share/rmw_fastrtps_cpp/cmake)
-- Using RMW implementation 'rmw_fastrtps_cpp' as default
-- Found sensor_msgs: 4.2.4 (/opt/ros/humble/share/sensor_msgs/cmake)
-- Found cv_bridge: 3.2.1 (/opt/ros/humble/share/cv_bridge/cmake)
-- Found ament_lint_auto: 0.12.11 (/opt/ros/humble/share/ament_lint_auto/cmake)
-- Added test 'cppcheck' to perform static code analysis on C / C++ code
-- Configured cppcheck include dirs: 
-- Configured cppcheck exclude dirs and/or files: 
-- Added test 'flake8' to check Python code syntax and style conventions
-- Added test 'lint_cmake' to check CMake code style
-- Added test 'pep257' to check Python code against some of the docstring style conventions in PEP 257
-- Added test 'uncrustify' to check C / C++ code style
-- Configured uncrustify additional arguments: 
-- Added test 'xmllint' to check XML markup files
-- Configuring done
-- Generating done
-- Build files have been written to: /home/zychen/dev_ws/build/task2
[35m[1mConsolidate compiler generated dependencies of target listener[0m
[35m[1mConsolidate compiler generated dependencies of target talker[0m
[ 25%] [32mBuilding CXX object CMakeFiles/listener.dir/src/subscriber_member_function.cpp.o[0m
[ 50%] [32mBuilding CXX object CMakeFiles/talker.dir/src/publisher_member_function.cpp.o[0m
[ 75%] [32m[1mLinking CXX executable talker[0m
[ 75%] Built target talker
[100%] [32m[1mLinking CXX executable listener[0m
[100%] Built target listener
-- Install configuration: ""
-- Installing: /home/zychen/dev_ws/install/task2/lib/task2/talker
-- Set runtime path of "/home/zychen/dev_ws/install/task2/lib/task2/talker" to ""
-- Installing: /home/zychen/dev_ws/install/task2/lib/task2/listener
-- Set runtime path of "/home/zychen/dev_ws/install/task2/lib/task2/listener" to ""
-- Up-to-date: /home/zychen/dev_ws/install/task2/share/task2/urdf
-- Up-to-date: /home/zychen/dev_ws/install/task2/share/task2/urdf/test.urdf
-- Up-to-date: /home/zychen/dev_ws/install/task2/share/task2/urdf/first_robot.xacro
-- Up-to-date: /home/zychen/dev_ws/install/task2/share/task2/urdf/first_robot.urdf
-- Up-to-date: /home/zychen/dev_ws/install/task2/share/task2/launch
-- Up-to-date: /home/zychen/dev_ws/install/task2/share/task2/launch/display_robot.launch.py
-- Up-to-date: /home/zychen/dev_ws/install/task2/share/task2/launch/test1.launch
-- Up-to-date: /home/zychen/dev_ws/install/task2/share/task2/launch/test1.launch.py
-- Up-to-date: /home/zychen/dev_ws/install/task2/share/task2/config
-- Up-to-date: /home/zychen/dev_ws/install/task2/share/task2/config/rviz
-- Up-to-date: /home/zychen/dev_ws/install/task2/share/task2/config/rviz/config.rviz
-- Up-to-date: /home/zychen/dev_ws/install/task2/share/task2/config/rviz/display.rviz
-- Up-to-date: /home/zychen/dev_ws/install/task2/share/task2/config/rviz/task2.rviz
-- Installing: /home/zychen/dev_ws/install/task2/share/ament_index/resource_index/package_run_dependencies/task2
-- Up-to-date: /home/zychen/dev_ws/install/task2/share/ament_index/resource_index/parent_prefix_path/task2
-- Up-to-date: /home/zychen/dev_ws/install/task2/share/task2/environment/ament_prefix_path.sh
-- Installing: /home/zychen/dev_ws/install/task2/share/task2/environment/ament_prefix_path.dsv
-- Up-to-date: /home/zychen/dev_ws/install/task2/share/task2/environment/path.sh
-- Installing: /home/zychen/dev_ws/install/task2/share/task2/environment/path.dsv
-- Up-to-date: /home/zychen/dev_ws/install/task2/share/task2/local_setup.bash
-- Up-to-date: /home/zychen/dev_ws/install/task2/share/task2/local_setup.sh
-- Up-to-date: /home/zychen/dev_ws/install/task2/share/task2/local_setup.zsh
-- Installing: /home/zychen/dev_ws/install/task2/share/task2/local_setup.dsv
-- Installing: /home/zychen/dev_ws/install/task2/share/task2/package.dsv
-- Up-to-date: /home/zychen/dev_ws/install/task2/share/ament_index/resource_index/packages/task2
-- Up-to-date: /home/zychen/dev_ws/install/task2/share/task2/cmake/task2Config.cmake
-- Up-to-date: /home/zychen/dev_ws/install/task2/share/task2/cmake/task2Config-version.cmake
-- Installing: /home/zychen/dev_ws/install/task2/share/task2/package.xml
