[0.015s] Invoking command in '/home/zychen/dev_ws/build/task2': CMAKE_PREFIX_PATH=${CMAKE_PREFIX_PATH}:/opt/ros/humble /usr/bin/cmake --build /home/zychen/dev_ws/build/task2 -- -j2 -l2
[0.068s] -- Found rclcpp: 16.0.10 (/opt/ros/humble/share/rclcpp/cmake)
[0.236s] -- Found rosidl_generator_c: 3.1.5 (/opt/ros/humble/share/rosidl_generator_c/cmake)
[0.238s] -- Found rosidl_adapter: 3.1.5 (/opt/ros/humble/share/rosidl_adapter/cmake)
[0.243s] -- Found rosidl_generator_cpp: 3.1.5 (/opt/ros/humble/share/rosidl_generator_cpp/cmake)
[0.253s] -- Using all available rosidl_typesupport_c: rosidl_typesupport_fastrtps_c;rosidl_typesupport_introspection_c
[0.266s] -- Using all available rosidl_typesupport_cpp: rosidl_typesupport_fastrtps_cpp;rosidl_typesupport_introspection_cpp
[0.298s] -- Found rmw_implementation_cmake: 6.1.2 (/opt/ros/humble/share/rmw_implementation_cmake/cmake)
[0.298s] -- Found rmw_fastrtps_cpp: 6.2.7 (/opt/ros/humble/share/rmw_fastrtps_cpp/cmake)
[0.416s] -- Using RMW implementation 'rmw_fastrtps_cpp' as default
[0.468s] -- Found sensor_msgs: 4.2.4 (/opt/ros/humble/share/sensor_msgs/cmake)
[0.496s] -- Found cv_bridge: 3.2.1 (/opt/ros/humble/share/cv_bridge/cmake)
[0.509s] -- Found ament_lint_auto: 0.12.11 (/opt/ros/humble/share/ament_lint_auto/cmake)
[0.623s] -- Added test 'cppcheck' to perform static code analysis on C / C++ code
[0.624s] -- Configured cppcheck include dirs: 
[0.624s] -- Configured cppcheck exclude dirs and/or files: 
[0.625s] -- Added test 'flake8' to check Python code syntax and style conventions
[0.626s] -- Added test 'lint_cmake' to check CMake code style
[0.627s] -- Added test 'pep257' to check Python code against some of the docstring style conventions in PEP 257
[0.630s] -- Added test 'uncrustify' to check C / C++ code style
[0.630s] -- Configured uncrustify additional arguments: 
[0.632s] -- Added test 'xmllint' to check XML markup files
[0.634s] -- Configuring done
[0.673s] -- Generating done
[0.676s] -- Build files have been written to: /home/zychen/dev_ws/build/task2
[0.735s] [35m[1mConsolidate compiler generated dependencies of target listener[0m
[0.738s] [35m[1mConsolidate compiler generated dependencies of target talker[0m
[0.767s] [ 25%] [32mBuilding CXX object CMakeFiles/listener.dir/src/subscriber_member_function.cpp.o[0m
[0.788s] [ 50%] [32mBuilding CXX object CMakeFiles/talker.dir/src/publisher_member_function.cpp.o[0m
[10.300s] [ 75%] [32m[1mLinking CXX executable talker[0m
[11.577s] [ 75%] Built target talker
[15.221s] [100%] [32m[1mLinking CXX executable listener[0m
[15.981s] [100%] Built target listener
[15.998s] Invoked command in '/home/zychen/dev_ws/build/task2' returned '0': CMAKE_PREFIX_PATH=${CMAKE_PREFIX_PATH}:/opt/ros/humble /usr/bin/cmake --build /home/zychen/dev_ws/build/task2 -- -j2 -l2
[16.055s] Invoking command in '/home/zychen/dev_ws/build/task2': CMAKE_PREFIX_PATH=${CMAKE_PREFIX_PATH}:/opt/ros/humble /usr/bin/cmake --install /home/zychen/dev_ws/build/task2
[16.065s] -- Install configuration: ""
[16.065s] -- Installing: /home/zychen/dev_ws/install/task2/lib/task2/talker
[16.079s] -- Set runtime path of "/home/zychen/dev_ws/install/task2/lib/task2/talker" to ""
[16.079s] -- Installing: /home/zychen/dev_ws/install/task2/lib/task2/listener
[16.085s] -- Set runtime path of "/home/zychen/dev_ws/install/task2/lib/task2/listener" to ""
[16.086s] -- Up-to-date: /home/zychen/dev_ws/install/task2/share/task2/urdf
[16.087s] -- Up-to-date: /home/zychen/dev_ws/install/task2/share/task2/urdf/test.urdf
[16.087s] -- Up-to-date: /home/zychen/dev_ws/install/task2/share/task2/urdf/first_robot.xacro
[16.087s] -- Up-to-date: /home/zychen/dev_ws/install/task2/share/task2/urdf/first_robot.urdf
[16.087s] -- Up-to-date: /home/zychen/dev_ws/install/task2/share/task2/launch
[16.087s] -- Up-to-date: /home/zychen/dev_ws/install/task2/share/task2/launch/display_robot.launch.py
[16.088s] -- Up-to-date: /home/zychen/dev_ws/install/task2/share/task2/launch/test1.launch
[16.088s] -- Up-to-date: /home/zychen/dev_ws/install/task2/share/task2/launch/test1.launch.py
[16.088s] -- Up-to-date: /home/zychen/dev_ws/install/task2/share/task2/config
[16.088s] -- Up-to-date: /home/zychen/dev_ws/install/task2/share/task2/config/rviz
[16.088s] -- Up-to-date: /home/zychen/dev_ws/install/task2/share/task2/config/rviz/config.rviz
[16.088s] -- Up-to-date: /home/zychen/dev_ws/install/task2/share/task2/config/rviz/display.rviz
[16.088s] -- Up-to-date: /home/zychen/dev_ws/install/task2/share/task2/config/rviz/task2.rviz
[16.089s] -- Installing: /home/zychen/dev_ws/install/task2/share/ament_index/resource_index/package_run_dependencies/task2
[16.090s] -- Up-to-date: /home/zychen/dev_ws/install/task2/share/ament_index/resource_index/parent_prefix_path/task2
[16.090s] -- Up-to-date: /home/zychen/dev_ws/install/task2/share/task2/environment/ament_prefix_path.sh
[16.090s] -- Installing: /home/zychen/dev_ws/install/task2/share/task2/environment/ament_prefix_path.dsv
[16.091s] -- Up-to-date: /home/zychen/dev_ws/install/task2/share/task2/environment/path.sh
[16.091s] -- Installing: /home/zychen/dev_ws/install/task2/share/task2/environment/path.dsv
[16.091s] -- Up-to-date: /home/zychen/dev_ws/install/task2/share/task2/local_setup.bash
[16.091s] -- Up-to-date: /home/zychen/dev_ws/install/task2/share/task2/local_setup.sh
[16.092s] -- Up-to-date: /home/zychen/dev_ws/install/task2/share/task2/local_setup.zsh
[16.092s] -- Installing: /home/zychen/dev_ws/install/task2/share/task2/local_setup.dsv
[16.092s] -- Installing: /home/zychen/dev_ws/install/task2/share/task2/package.dsv
[16.093s] -- Up-to-date: /home/zychen/dev_ws/install/task2/share/ament_index/resource_index/packages/task2
[16.093s] -- Up-to-date: /home/zychen/dev_ws/install/task2/share/task2/cmake/task2Config.cmake
[16.093s] -- Up-to-date: /home/zychen/dev_ws/install/task2/share/task2/cmake/task2Config-version.cmake
[16.093s] -- Installing: /home/zychen/dev_ws/install/task2/share/task2/package.xml
[16.097s] Invoked command in '/home/zychen/dev_ws/build/task2' returned '0': CMAKE_PREFIX_PATH=${CMAKE_PREFIX_PATH}:/opt/ros/humble /usr/bin/cmake --install /home/zychen/dev_ws/build/task2
